library/build/outputs/logs/manifest-merger-release-report.txt
-- Merging decision tree log ---
manifest
ADDED from src/main/AndroidManifest.xml:2:1-44:12
INJECTED from src/main/AndroidManifest.xml:2:1-44:12
INJECTED from src/main/AndroidManifest.xml:2:1-44:12
	package
		ADDED from src/main/AndroidManifest.xml:3:5-30
		INJECTED from src/main/AndroidManifest.xml
		INJECTED from src/main/AndroidManifest.xml
	xmlns:android
		ADDED from src/main/AndroidManifest.xml:2:11-69
uses-permission#android.permission.INTERNET
ADDED from src/main/AndroidManifest.xml:11:5-67
	android:name
		ADDED from src/main/AndroidManifest.xml:11:22-64
uses-permission#android.permission.ACCESS_NETWORK_STATE
ADDED from src/main/AndroidManifest.xml:12:5-79
	android:name
		ADDED from src/main/AndroidManifest.xml:12:22-76
uses-permission#android.permission.ACCESS_WIFI_STATE
ADDED from src/main/AndroidManifest.xml:13:5-76
	android:name
		ADDED from src/main/AndroidManifest.xml:13:22-73
uses-permission#android.permission.CHANGE_NETWORK_STATE
ADDED from src/main/AndroidManifest.xml:14:5-79
	android:name
		ADDED from src/main/AndroidManifest.xml:14:22-76
uses-permission#android.permission.CHANGE_WIFI_STATE
ADDED from src/main/AndroidManifest.xml:15:5-76
	android:name
		ADDED from src/main/AndroidManifest.xml:15:22-73
uses-permission#android.permission.WRITE_INTERNAL_STORAGE
ADDED from src/main/AndroidManifest.xml:22:5-81
	android:name
		ADDED from src/main/AndroidManifest.xml:22:22-78
uses-permission#android.permission.READ_INTERNAL_STORAGE
ADDED from src/main/AndroidManifest.xml:23:5-80
	android:name
		ADDED from src/main/AndroidManifest.xml:23:22-77
uses-permission#android.permission.WRITE_EXTERNAL_STORAGE
ADDED from src/main/AndroidManifest.xml:26:5-81
	android:name
		ADDED from src/main/AndroidManifest.xml:26:22-78
uses-permission#android.permission.READ_EXTERNAL_STORAGE
ADDED from src/main/AndroidManifest.xml:27:5-80
	android:name
		ADDED from src/main/AndroidManifest.xml:27:22-77
application
ADDED from src/main/AndroidManifest.xml:33:5-43:19
provider#com.bon.provider.AppFileProvider
ADDED from src/main/AndroidManifest.xml:34:9-42:20
	android:grantUriPermissions
		ADDED from src/main/AndroidManifest.xml:38:13-47
	android:authorities
		ADDED from src/main/AndroidManifest.xml:36:13-60
	android:exported
		ADDED from src/main/AndroidManifest.xml:37:13-37
	android:name
		ADDED from src/main/AndroidManifest.xml:35:13-60
meta-data#android.support.FILE_PROVIDER_PATHS
ADDED from src/main/AndroidManifest.xml:39:13-41:57
	android:resource
		ADDED from src/main/AndroidManifest.xml:41:17-55
	android:name
		ADDED from src/main/AndroidManifest.xml:40:17-67
uses-sdk
INJECTED from src/main/AndroidManifest.xml reason: use-sdk injection requested
INJECTED from src/main/AndroidManifest.xml
INJECTED from src/main/AndroidManifest.xml
INJECTED from src/main/AndroidManifest.xml
INJECTED from src/main/AndroidManifest.xml
	android:targetSdkVersion
		INJECTED from src/main/AndroidManifest.xml
		ADDED from src/main/AndroidManifest.xml
		INJECTED from src/main/AndroidManifest.xml
	android:minSdkVersion
		INJECTED from src/main/AndroidManifest.xml
		ADDED from src/main/AndroidManifest.xml
		INJECTED from src/main/AndroidManifest.xml